<?xml version="1.0" encoding="UTF-8"?>
<testng-results ignored="0" total="3" passed="1" failed="2" skipped="0">
  <reporter-output>
    <line>
      <![CDATA[====Browser Session Started====]]>
    </line>
    <line>
      <![CDATA[====Inside failed() method====]]>
    </line>
    <line>
      <![CDATA[====Inside failed() method====]]>
    </line>
    <line>
      <![CDATA[====Browser Session Ends====]]>
    </line>
    <line>
      <![CDATA[====Browser Session Started====]]>
    </line>
    <line>
      <![CDATA[====Inside failed() method====]]>
    </line>
    <line>
      <![CDATA[====Inside failed() method====]]>
    </line>
    <line>
      <![CDATA[====Browser Session Ends====]]>
    </line>
    <line>
      <![CDATA[====Browser Session Started====]]>
    </line>
    <line>
      <![CDATA[====Browser Session Ends====]]>
    </line>
  </reporter-output>
  <suite started-at="2020-01-22T10:37:38 IST" name="Test suite" finished-at="2020-01-22T10:38:01 IST" duration-ms="22689">
    <groups>
    </groups>
    <test started-at="2020-01-22T10:37:38 IST" name="/home/sheetal/IdeaProjects/ITestListenerDemo" finished-at="2020-01-22T10:38:01 IST" duration-ms="22689">
      <class name="Screenshot">
        <test-method is-config="true" signature="setUp()[pri:0, instance:Screenshot@7c729a55]" started-at="2020-01-22T10:37:38 IST" name="setUp" finished-at="2020-01-22T10:37:46 IST" duration-ms="7589" status="PASS">
          <reporter-output>
            <line>
              <![CDATA[====Browser Session Started====]]>
            </line>
          </reporter-output>
        </test-method> <!-- setUp -->
        <test-method signature="ClearText()[pri:0, instance:Screenshot@7c729a55]" started-at="2020-01-22T10:37:46 IST" name="ClearText" finished-at="2020-01-22T10:37:46 IST" duration-ms="10" status="FAIL">
          <exception class="java.lang.AssertionError">
            <message>
              <![CDATA[expected [true] but found [false]]]>
            </message>
            <full-stacktrace>
              <![CDATA[java.lang.AssertionError: expected [true] but found [false]
at org.testng.Assert.fail(Assert.java:97)
at org.testng.Assert.assertEqualsImpl(Assert.java:136)
at org.testng.Assert.assertEquals(Assert.java:118)
at org.testng.Assert.assertEquals(Assert.java:751)
at org.testng.Assert.assertEquals(Assert.java:761)
at Screenshot.ClearText(Screenshot.java:26)
at java.base/jdk.internal.reflect.NativeMethodAccessorImpl.invoke0(Native Method)
at java.base/jdk.internal.reflect.NativeMethodAccessorImpl.invoke(NativeMethodAccessorImpl.java:62)
at java.base/jdk.internal.reflect.DelegatingMethodAccessorImpl.invoke(DelegatingMethodAccessorImpl.java:43)
at java.base/java.lang.reflect.Method.invoke(Method.java:566)
at org.testng.internal.MethodInvocationHelper.invokeMethod(MethodInvocationHelper.java:133)
at org.testng.internal.TestInvoker.invokeMethod(TestInvoker.java:584)
at org.testng.internal.TestInvoker.invokeTestMethod(TestInvoker.java:172)
at org.testng.internal.MethodRunner.runInSequence(MethodRunner.java:46)
at org.testng.internal.TestInvoker$MethodInvocationAgent.invoke(TestInvoker.java:804)
at org.testng.internal.TestInvoker.invokeTestMethods(TestInvoker.java:145)
at org.testng.internal.TestMethodWorker.invokeTestMethods(TestMethodWorker.java:146)
at org.testng.internal.TestMethodWorker.run(TestMethodWorker.java:128)
at java.base/java.util.ArrayList.forEach(ArrayList.java:1540)
at org.testng.TestRunner.privateRun(TestRunner.java:770)
at org.testng.TestRunner.run(TestRunner.java:591)
at org.testng.SuiteRunner.runTest(SuiteRunner.java:402)
at org.testng.SuiteRunner.runSequentially(SuiteRunner.java:396)
at org.testng.SuiteRunner.privateRun(SuiteRunner.java:355)
at org.testng.SuiteRunner.run(SuiteRunner.java:304)
at org.testng.SuiteRunnerWorker.runSuite(SuiteRunnerWorker.java:53)
at org.testng.SuiteRunnerWorker.run(SuiteRunnerWorker.java:96)
at org.testng.TestNG.runSuitesSequentially(TestNG.java:1180)
at org.testng.TestNG.runSuitesLocally(TestNG.java:1102)
at org.testng.TestNG.runSuites(TestNG.java:1032)
at org.testng.TestNG.run(TestNG.java:1000)
at com.intellij.rt.testng.IDEARemoteTestNG.run(IDEARemoteTestNG.java:66)
at com.intellij.rt.testng.RemoteTestNGStarter.main(RemoteTestNGStarter.java:110)
]]>
            </full-stacktrace>
          </exception> <!-- java.lang.AssertionError -->
          <reporter-output>
            <line>
              <![CDATA[====Inside failed() method====]]>
            </line>
            <line>
              <![CDATA[====Inside failed() method====]]>
            </line>
          </reporter-output>
        </test-method> <!-- ClearText -->
        <test-method is-config="true" signature="tearDown()[pri:0, instance:Screenshot@7c729a55]" started-at="2020-01-22T10:37:47 IST" name="tearDown" finished-at="2020-01-22T10:37:47 IST" duration-ms="235" status="PASS">
          <reporter-output>
            <line>
              <![CDATA[====Browser Session Ends====]]>
            </line>
          </reporter-output>
        </test-method> <!-- tearDown -->
        <test-method is-config="true" signature="setUp()[pri:0, instance:Screenshot@7c729a55]" started-at="2020-01-22T10:37:47 IST" name="setUp" finished-at="2020-01-22T10:37:53 IST" duration-ms="6153" status="PASS">
          <reporter-output>
            <line>
              <![CDATA[====Browser Session Started====]]>
            </line>
          </reporter-output>
        </test-method> <!-- setUp -->
        <test-method signature="FindText()[pri:0, instance:Screenshot@7c729a55]" started-at="2020-01-22T10:37:53 IST" name="FindText" finished-at="2020-01-22T10:37:53 IST" duration-ms="2" status="FAIL">
          <exception class="java.lang.AssertionError">
            <message>
              <![CDATA[expected [true] but found [false]]]>
            </message>
            <full-stacktrace>
              <![CDATA[java.lang.AssertionError: expected [true] but found [false]
at org.testng.Assert.fail(Assert.java:97)
at org.testng.Assert.assertEqualsImpl(Assert.java:136)
at org.testng.Assert.assertEquals(Assert.java:118)
at org.testng.Assert.assertEquals(Assert.java:751)
at org.testng.Assert.assertEquals(Assert.java:761)
at Screenshot.FindText(Screenshot.java:32)
at java.base/jdk.internal.reflect.NativeMethodAccessorImpl.invoke0(Native Method)
at java.base/jdk.internal.reflect.NativeMethodAccessorImpl.invoke(NativeMethodAccessorImpl.java:62)
at java.base/jdk.internal.reflect.DelegatingMethodAccessorImpl.invoke(DelegatingMethodAccessorImpl.java:43)
at java.base/java.lang.reflect.Method.invoke(Method.java:566)
at org.testng.internal.MethodInvocationHelper.invokeMethod(MethodInvocationHelper.java:133)
at org.testng.internal.TestInvoker.invokeMethod(TestInvoker.java:584)
at org.testng.internal.TestInvoker.invokeTestMethod(TestInvoker.java:172)
at org.testng.internal.MethodRunner.runInSequence(MethodRunner.java:46)
at org.testng.internal.TestInvoker$MethodInvocationAgent.invoke(TestInvoker.java:804)
at org.testng.internal.TestInvoker.invokeTestMethods(TestInvoker.java:145)
at org.testng.internal.TestMethodWorker.invokeTestMethods(TestMethodWorker.java:146)
at org.testng.internal.TestMethodWorker.run(TestMethodWorker.java:128)
at java.base/java.util.ArrayList.forEach(ArrayList.java:1540)
at org.testng.TestRunner.privateRun(TestRunner.java:770)
at org.testng.TestRunner.run(TestRunner.java:591)
at org.testng.SuiteRunner.runTest(SuiteRunner.java:402)
at org.testng.SuiteRunner.runSequentially(SuiteRunner.java:396)
at org.testng.SuiteRunner.privateRun(SuiteRunner.java:355)
at org.testng.SuiteRunner.run(SuiteRunner.java:304)
at org.testng.SuiteRunnerWorker.runSuite(SuiteRunnerWorker.java:53)
at org.testng.SuiteRunnerWorker.run(SuiteRunnerWorker.java:96)
at org.testng.TestNG.runSuitesSequentially(TestNG.java:1180)
at org.testng.TestNG.runSuitesLocally(TestNG.java:1102)
at org.testng.TestNG.runSuites(TestNG.java:1032)
at org.testng.TestNG.run(TestNG.java:1000)
at com.intellij.rt.testng.IDEARemoteTestNG.run(IDEARemoteTestNG.java:66)
at com.intellij.rt.testng.RemoteTestNGStarter.main(RemoteTestNGStarter.java:110)
]]>
            </full-stacktrace>
          </exception> <!-- java.lang.AssertionError -->
          <reporter-output>
            <line>
              <![CDATA[====Inside failed() method====]]>
            </line>
            <line>
              <![CDATA[====Inside failed() method====]]>
            </line>
          </reporter-output>
        </test-method> <!-- FindText -->
        <test-method is-config="true" signature="tearDown()[pri:0, instance:Screenshot@7c729a55]" started-at="2020-01-22T10:37:54 IST" name="tearDown" finished-at="2020-01-22T10:37:54 IST" duration-ms="69" status="PASS">
          <reporter-output>
            <line>
              <![CDATA[====Browser Session Ends====]]>
            </line>
          </reporter-output>
        </test-method> <!-- tearDown -->
        <test-method is-config="true" signature="setUp()[pri:0, instance:Screenshot@7c729a55]" started-at="2020-01-22T10:37:54 IST" name="setUp" finished-at="2020-01-22T10:38:01 IST" duration-ms="6659" status="PASS">
          <reporter-output>
            <line>
              <![CDATA[====Browser Session Started====]]>
            </line>
          </reporter-output>
        </test-method> <!-- setUp -->
        <test-method signature="SearchTest()[pri:0, instance:Screenshot@7c729a55]" started-at="2020-01-22T10:38:01 IST" name="SearchTest" finished-at="2020-01-22T10:38:01 IST" duration-ms="1" status="PASS">
          <reporter-output>
          </reporter-output>
        </test-method> <!-- SearchTest -->
        <test-method is-config="true" signature="tearDown()[pri:0, instance:Screenshot@7c729a55]" started-at="2020-01-22T10:38:01 IST" name="tearDown" finished-at="2020-01-22T10:38:01 IST" duration-ms="178" status="PASS">
          <reporter-output>
            <line>
              <![CDATA[====Browser Session Ends====]]>
            </line>
          </reporter-output>
        </test-method> <!-- tearDown -->
      </class> <!-- Screenshot -->
    </test> <!-- /home/sheetal/IdeaProjects/ITestListenerDemo -->
  </suite> <!-- Test suite -->
</testng-results>
